<?xml version="1.0" encoding="UTF-8"?>
<!-- Generated by org.testng.reporters.JUnitReportReporter -->
<testsuite hostname="DESKTOP-F66LN2J" failures="0" tests="3" name="ETLTest.LoginTest" time="55.962" errors="0" timestamp="2025-05-04T20:34:35 IST" skipped="0">
  <testcase classname="ETLTest.LoginTest" name="testInvalidUsername" time="11.867"/>
  <system-out/>
  <testcase classname="ETLTest.LoginTest" name="testSuccessfulLogin" time="24.228"/>
  <system-out/>
  <testcase classname="ETLTest.LoginTest" name="testInvalidPassword" time="19.867"/>
  <system-out/>
</testsuite> <!-- ETLTest.LoginTest -->
