<?xml version="1.0" encoding="UTF-8"?>
<!-- Generated by org.testng.reporters.JUnitReportReporter -->
<testsuite hostname="DESKTOP-F66LN2J" failures="0" tests="3" name="ETLTest.LoginTest" time="31.412" errors="0" timestamp="2025-05-04T19:30:17 IST" skipped="0">
  <testcase classname="ETLTest.LoginTest" name="testInvalidPassword" time="11.418"/>
  <system-out/>
  <testcase classname="ETLTest.LoginTest" name="testSuccessfulLogin" time="9.295"/>
  <system-out/>
  <testcase classname="ETLTest.LoginTest" name="testInvalidUsername" time="10.699"/>
  <system-out/>
</testsuite> <!-- ETLTest.LoginTest -->
